tack----selection--population_list len:  32
tack----selection--population_list len:  32
tack----selection--population_list len:  64
track---generation[1] best solution:
[[0, 0.09090340340340342, 28, 0]]
tack----selection--population_list len:  32
tack----selection--population_list len:  96
track---generation[2] best solution:
[[0, 0.09088704289055072, 27, 0]]
tack----selection--population_list len:  32
tack----selection--population_list len:  128
track---generation[3] best solution:
[[0, 0.09088704289055072, 27, 0]]
tack----selection--population_list len:  32
tack----selection--population_list len:  160
track---generation[4] best solution:
[[0, 0.09088704289055072, 27, 0]]
tack----selection--population_list len:  32
tack----selection--population_list len:  192
track---generation[5] best solution:
[[0, 0.09088704289055072, 27, 0]]
tack----selection--population_list len:  32
tack----selection--population_list len:  224
track---generation[6] best solution:
[[0, 0.09088704289055072, 27, 0]]
tack----selection--population_list len:  32
tack----selection--population_list len:  256
track---generation[7] best solution:
[[0, 0.09088704289055072, 27, 0]]
tack----selection--population_list len:  32
tack----selection--population_list len:  288
track---generation[8] best solution:
[[0, 0.08570094555078855, 18, 0]]
tack----selection--population_list len:  32
tack----selection--population_list len:  320
track---generation[9] best solution:
[[0, 0.08320457842806583, 16, 0]]
tack----selection--population_list len:  32
tack----selection--population_list len:  352
track---generation[10] best solution:
[[0, 0.08320457842806583, 16, 0]]
tack----selection--population_list len:  32
tack----selection--population_list len:  384
track---generation[11] best solution:
[[0, 0.08320457842806583, 16, 0]]
tack----selection--population_list len:  32
tack----selection--population_list len:  416
track---generation[12] best solution:
[[0, 0.08320457842806583, 16, 0]]
tack----selection--population_list len:  32
tack----selection--population_list len:  448
track---generation[13] best solution:
[[0, 0.08320457842806583, 16, 0]]
tack----selection--population_list len:  32
tack----selection--population_list len:  480
track---generation[14] best solution:
[[0, 0.08320457842806583, 16, 0]]
tack----selection--population_list len:  32
tack----selection--population_list len:  512
track---generation[15] best solution:
[[0, 0.08320457842806583, 16, 0]]
tack----selection--population_list len:  32
tack----selection--population_list len:  544
track---generation[16] best solution:
[[0, 0.08320457842806583, 16, 0]]
tack----selection--population_list len:  32
tack----selection--population_list len:  576
track---generation[17] best solution:
[[0, 0.08320457842806583, 16, 0]]
tack----selection--population_list len:  32
tack----selection--population_list len:  608
track---generation[18] best solution:
[[0, 0.08320457842806583, 16, 0]]
tack----selection--population_list len:  32
tack----selection--population_list len:  640
track---generation[19] best solution:
[[0, 0.08320457842806583, 16, 0]]
tack----selection--population_list len:  32
tack----selection--population_list len:  672
track---generation[20] best solution:
[[0, 0.08320457842806583, 16, 0]]
tack----selection--population_list len:  32
tack----selection--population_list len:  704
track---generation[21] best solution:
[[0, 0.08320457842806583, 16, 0]]
tack----selection--population_list len:  32
tack----selection--population_list len:  736
track---generation[22] best solution:
[[0, 0.08320457842806583, 16, 0]]
tack----selection--population_list len:  32
tack----selection--population_list len:  768
track---generation[23] best solution:
[[0, 0.07846919176089562, 15, 0]]
tack----selection--population_list len:  32
tack----selection--population_list len:  800
track---generation[24] best solution:
[[0, 0.07846919176089562, 15, 0]]
tack----selection--population_list len:  32
tack----selection--population_list len:  832
track---generation[25] best solution:
[[0, 0.07846919176089562, 15, 0]]
tack----selection--population_list len:  32
tack----selection--population_list len:  864
track---generation[26] best solution:
[[0, 0.07846919176089562, 15, 0]]
tack----selection--population_list len:  32
tack----selection--population_list len:  896
track---generation[27] best solution:
[[0, 0.07846919176089562, 15, 0]]
tack----selection--population_list len:  32
tack----selection--population_list len:  928
track---generation[28] best solution:
[[0, 0.07846919176089562, 15, 0]]
tack----selection--population_list len:  32
tack----selection--population_list len:  960
track---generation[29] best solution:
[[0, 0.07846919176089562, 15, 0]]
tack----selection--population_list len:  32
tack----selection--population_list len:  992
track---generation[30] best solution:
[[0, 0.07846919176089562, 15, 0]]
tack----selection--population_list len:  32
tack----selection--population_list len:  1024
track---generation[31] best solution:
[[0, 0.07846919176089562, 15, 0]]
tack----selection--population_list len:  32
tack----selection--population_list len:  1056
track---generation[32] best solution:
[[0, 0.07846919176089562, 15, 0]]
tack----selection--population_list len:  32
tack----selection--population_list len:  1088
track---generation[33] best solution:
[[0, 0.07846919176089562, 15, 0]]
tack----selection--population_list len:  32
tack----selection--population_list len:  1120
track---generation[34] best solution:
[[0, 0.07846919176089562, 15, 0]]
tack----selection--population_list len:  32
tack----selection--population_list len:  1152
track---generation[35] best solution:
[[0, 0.07846919176089562, 15, 0]]
tack----selection--population_list len:  32
tack----selection--population_list len:  1184
track---generation[36] best solution:
[[0, 0.07846919176089562, 15, 0]]
tack----selection--population_list len:  32
tack----selection--population_list len:  1216
track---generation[37] best solution:
[[0, 0.07846919176089562, 15, 0]]
tack----selection--population_list len:  32
tack----selection--population_list len:  1248
track---generation[38] best solution:
[[0, 0.07333470712482615, 20, 0]]
tack----selection--population_list len:  32
tack----selection--population_list len:  1280
track---generation[39] best solution:
[[0, 0.07333470712482615, 20, 0]]
tack----selection--population_list len:  32
tack----selection--population_list len:  1312
track---generation[40] best solution:
[[0, 0.07333470712482615, 20, 0]]
tack----selection--population_list len:  32
tack----selection--population_list len:  1344
track---generation[41] best solution:
[[0, 0.07333470712482615, 20, 0]]
tack----selection--population_list len:  32
tack----selection--population_list len:  1376
track---generation[42] best solution:
[[0, 0.07333470712482615, 20, 0]]
tack----selection--population_list len:  32
tack----selection--population_list len:  1408
track---generation[43] best solution:
[[0, 0.07333470712482615, 20, 0]]
tack----selection--population_list len:  32
tack----selection--population_list len:  1440
track---generation[44] best solution:
[[0, 0.07333470712482615, 20, 0]]
tack----selection--population_list len:  32
tack----selection--population_list len:  1472
track---generation[45] best solution:
[[0, 0.07333470712482615, 20, 0]]
tack----selection--population_list len:  32
tack----selection--population_list len:  1504
track---generation[46] best solution:
[[0, 0.07333470712482615, 20, 0]]
tack----selection--population_list len:  32
tack----selection--population_list len:  1536
track---generation[47] best solution:
[[0, 0.07333470712482615, 20, 0]]
tack----selection--population_list len:  32
tack----selection--population_list len:  1568
track---generation[48] best solution:
[[0, 0.07333470712482615, 20, 0]]
tack----selection--population_list len:  32
tack----selection--population_list len:  1600
track---generation[49] best solution:
[[0, 0.07333470712482615, 20, 0]]
==================================
track --- sort_result :  [[0.07333470712482615, 20], [0.07846919176089562, 15], [0.08463414215307485, 10], [0.12011287784812497, 9], [0.13980405559352915, 8]]
track --- Sort RS :  [[0.07846919176089562, 15, -0.9199761466283436], [0.08463414215307485, 10, -2.7094861839529893], [0.12011287784812497, 9, -11.623938749524358], [0.13980405559352915, 8, -17.049051264568675]]
track--selected best model:  [0.07333470712482615, 20]
==================================
================================North Pareto optimal solutions=============================
front_0_num:  5
track ========= 0 =========
track ---0-- columns[features[index]] len:  8
track ---0-- columns[features[index]] :  ['Height' 'DBP' 'GGT' 'TC' 'TG' 'P' 'N-MID' 'β-CTX']
track ---0-- top_object:  [0.13980405559352915, 8]
track ========= 1 =========
track ---1-- columns[features[index]] len:  15
track ---1-- columns[features[index]] :  ['Macrovascular Complications' 'History of Hypertension' 'Retinopathy'
 'History of Drinking' 'Weight' 'BMI' 'SBP' 'HbA1c' 'ALT' 'GGT' 'TC' 'TG'
 'LDL-C' 'N-MID' 'β-CTX']
track ---1-- top_object:  [0.07846919176089562, 15]
track ========= 2 =========
track ---2-- columns[features[index]] len:  10
track ---2-- columns[features[index]] :  ['Gender' 'Nephropathy' 'History of Drinking' 'Age' 'Weight' 'GGT' 'UA'
 'VD3' 'PINP' 'β-CTX']
track ---2-- top_object:  [0.08463414215307485, 10]
==============⚠️ NOTICE! THIS IS THE BEST MODEL!==============
track ---best_model_selected:  [0.07333470712482615, 20]
track ========= 3 =========
track ---3-- columns[features[index]] len:  20
track ---3-- columns[features[index]] :  ['Neuropathy' 'History of Drinking' 'Age' 'Weight' 'SBP' 'DBP'
 'Heart Rate' 'ALT' 'AST' 'ALP' 'UA' 'TC' 'HDL-C' 'LDL-C' 'P' 'FT3' 'FT4'
 'VD3' 'N-MID' 'β-CTX']
track ---3-- top_object:  [0.07333470712482615, 20]
track ========= 4 =========
track ---4-- columns[features[index]] len:  9
track ---4-- columns[features[index]] :  ['History of Hypertension' 'History of Smoking' 'SBP' 'DBP' 'Heart Rate'
 'FBG' 'TC' 'LDL-C' 'P']
track ---4-- top_object:  [0.12011287784812497, 9]
==============================================END======================================
================================Model review=============================
track---y_test shape-----: (162, 3)
Log-loss of
 * uncalibrated classifier: 0.384
 * calibrated classifier: 0.321
=============================
['Neuropathy' 'History of Drinking' 'Age' 'Weight' 'SBP' 'DBP'
 'Heart Rate' 'ALT' 'AST' 'ALP' 'UA' 'TC' 'HDL-C' 'LDL-C' 'P' 'FT3' 'FT4'
 'VD3' 'N-MID' 'β-CTX']
track --- feature length :  20
track --- model :  <class 'sklearn.ensemble._forest.RandomForestClassifier'>
track --- calibration model :  <class 'sklearn.calibration.CalibratedClassifierCV'>
================================
track --- mean_acc :  0.9012345679012346
track --- acc :  0.9012  calibration :  0.9259
track ---1- mean_acc :  0.0988  calibration :  0.0741
track --- precision:  0.9049  calibration :  0.9326
track --- recall:  0.9018  calibration :  0.9254
track --- fscore:  0.902  calibration :  0.9267
track --- 1- fscore:  0.098  calibration :  0.0733
==============original================
track --- auroc: 
[[0, 0.9357052555535489], [1, 0.9118037135278515], [2, 0.9306711979609176], ['micro', 0.9259259259259259]]
track --- conf_ma : 
[[44  2  3]
 [ 2 50  6]
 [ 1  2 52]]
track --- conf_ma_scaled : 
[[0.9  0.04 0.06]
 [0.03 0.86 0.1 ]
 [0.02 0.04 0.95]]
==============after calibration================
track --- auroc : 
[[0, 0.9445548130756728], [1, 0.9386604774535808], [2, 0.9488530161427359], ['micro', 0.9444444444444445]]
track --- conf_ma : 
[[44  1  4]
 [ 1 52  5]
 [ 0  1 54]]
track --- conf_ma_scaled : 
[[0.9  0.02 0.08]
 [0.02 0.9  0.09]
 [0.   0.02 0.98]]
======================================
